<?xml version="1.0" encoding="UTF-8"?>
<coverage generated="1676296277795" clover="3.2.0">
  <project timestamp="1676296277795" name="All files">
    <metrics statements="240" coveredstatements="215" conditionals="150" coveredconditionals="134" methods="40" coveredmethods="34" elements="430" coveredelements="383" complexity="0" loc="240" ncloc="240" packages="1" files="5" classes="5"/>
    <file name="Arbre.ts" path="/home/laroche5/nextcloud/Cours/BUT2/r402/src/calculatrice/modele/Arbre.ts">
      <metrics statements="127" coveredstatements="104" conditionals="70" coveredconditionals="54" methods="14" coveredmethods="10"/>
      <line num="10" count="104" type="stmt"/>
      <line num="11" count="104" type="stmt"/>
      <line num="12" count="104" type="stmt"/>
      <line num="16" count="0" type="stmt"/>
      <line num="17" count="0" type="cond" truecount="0" falsecount="2"/>
      <line num="18" count="0" type="cond" truecount="0" falsecount="2"/>
      <line num="19" count="0" type="stmt"/>
      <line num="23" count="104" type="stmt"/>
      <line num="27" count="104" type="stmt"/>
      <line num="31" count="104" type="stmt"/>
      <line num="38" count="0" type="cond" truecount="0" falsecount="2"/>
      <line num="39" count="0" type="stmt"/>
      <line num="42" count="0" type="stmt"/>
      <line num="44" count="0" type="cond" truecount="0" falsecount="2"/>
      <line num="45" count="0" type="stmt"/>
      <line num="57" count="0" type="stmt"/>
      <line num="58" count="0" type="stmt"/>
      <line num="65" count="18" type="stmt"/>
      <line num="67" count="18" type="cond" truecount="1" falsecount="1"/>
      <line num="68" count="18" type="stmt"/>
      <line num="72" count="18" type="stmt"/>
      <line num="76" count="18" type="stmt"/>
      <line num="79" count="18" type="stmt"/>
      <line num="80" count="18" type="stmt"/>
      <line num="81" count="5" type="stmt"/>
      <line num="82" count="5" type="stmt"/>
      <line num="84" count="18" type="stmt"/>
      <line num="93" count="109" type="stmt"/>
      <line num="95" count="109" type="stmt"/>
      <line num="96" count="109" type="stmt"/>
      <line num="97" count="109" type="stmt"/>
      <line num="99" count="109" type="cond" truecount="4" falsecount="0"/>
      <line num="100" count="1" type="stmt"/>
      <line num="101" count="1" type="cond" truecount="1" falsecount="1"/>
      <line num="102" count="1" type="stmt"/>
      <line num="104" count="0" type="stmt"/>
      <line num="106" count="108" type="cond" truecount="2" falsecount="0"/>
      <line num="107" count="105" type="stmt"/>
      <line num="108" count="105" type="stmt"/>
      <line num="110" count="3" type="stmt"/>
      <line num="111" count="3" type="stmt"/>
      <line num="114" count="109" type="cond" truecount="2" falsecount="0"/>
      <line num="115" count="16" type="stmt"/>
      <line num="123" count="93" type="stmt"/>
      <line num="124" count="93" type="stmt"/>
      <line num="125" count="93" type="cond" truecount="4" falsecount="0"/>
      <line num="126" count="6" type="stmt"/>
      <line num="127" count="6" type="cond" truecount="2" falsecount="0"/>
      <line num="128" count="3" type="stmt"/>
      <line num="130" count="3" type="stmt"/>
      <line num="132" count="87" type="cond" truecount="2" falsecount="0"/>
      <line num="133" count="79" type="stmt"/>
      <line num="134" count="79" type="stmt"/>
      <line num="136" count="8" type="stmt"/>
      <line num="137" count="8" type="stmt"/>
      <line num="140" count="93" type="cond" truecount="2" falsecount="0"/>
      <line num="141" count="21" type="stmt"/>
      <line num="148" count="72" type="stmt"/>
      <line num="149" count="72" type="cond" truecount="2" falsecount="0"/>
      <line num="150" count="12" type="stmt"/>
      <line num="154" count="60" type="stmt"/>
      <line num="155" count="60" type="cond" truecount="2" falsecount="0"/>
      <line num="156" count="5" type="stmt"/>
      <line num="157" count="5" type="stmt"/>
      <line num="160" count="55" type="stmt"/>
      <line num="165" count="18" type="stmt"/>
      <line num="169" count="18" type="stmt"/>
      <line num="170" count="33" type="stmt"/>
      <line num="171" count="33" type="cond" truecount="2" falsecount="0"/>
      <line num="173" count="15" type="cond" truecount="2" falsecount="0"/>
      <line num="174" count="5" type="stmt"/>
      <line num="176" count="10" type="cond" truecount="2" falsecount="0"/>
      <line num="177" count="7" type="stmt"/>
      <line num="180" count="3" type="stmt"/>
      <line num="185" count="18" type="stmt"/>
      <line num="186" count="18" type="stmt"/>
      <line num="198" count="28" type="stmt"/>
      <line num="199" count="28" type="cond" truecount="2" falsecount="0"/>
      <line num="200" count="23" type="stmt"/>
      <line num="204" count="5" type="stmt"/>
      <line num="205" count="5" type="stmt"/>
      <line num="206" count="5" type="stmt"/>
      <line num="207" count="5" type="cond" truecount="2" falsecount="0"/>
      <line num="208" count="32" type="cond" truecount="2" falsecount="0"/>
      <line num="209" count="2" type="stmt"/>
      <line num="210" count="30" type="cond" truecount="2" falsecount="0"/>
      <line num="211" count="7" type="stmt"/>
      <line num="213" count="32" type="stmt"/>
      <line num="215" count="5" type="stmt"/>
      <line num="216" count="5" type="stmt"/>
      <line num="220" count="5" type="cond" truecount="1" falsecount="1"/>
      <line num="221" count="0" type="stmt"/>
      <line num="223" count="5" type="stmt"/>
      <line num="226" count="5" type="cond" truecount="2" falsecount="0"/>
      <line num="227" count="3" type="stmt"/>
      <line num="229" count="2" type="stmt"/>
      <line num="231" count="5" type="stmt"/>
      <line num="232" count="5" type="stmt"/>
      <line num="240" count="0" type="stmt"/>
      <line num="241" count="0" type="cond" truecount="0" falsecount="2"/>
      <line num="242" count="0" type="stmt"/>
      <line num="243" count="0" type="stmt"/>
      <line num="246" count="0" type="stmt"/>
      <line num="248" count="0" type="cond" truecount="0" falsecount="2"/>
      <line num="249" count="0" type="stmt"/>
      <line num="250" count="0" type="stmt"/>
      <line num="252" count="0" type="stmt"/>
      <line num="257" count="104" type="cond" truecount="4" falsecount="0"/>
      <line num="258" count="55" type="stmt"/>
      <line num="261" count="49" type="cond" truecount="2" falsecount="0"/>
      <line num="262" count="12" type="stmt"/>
      <line num="263" count="12" type="cond" truecount="1" falsecount="1"/>
      <line num="264" count="12" type="stmt"/>
      <line num="266" count="0" type="stmt"/>
      <line num="269" count="37" type="stmt"/>
      <line num="271" count="37" type="stmt"/>
      <line num="275" count="37" type="stmt"/>
      <line num="276" count="37" type="cond" truecount="4" falsecount="0"/>
      <line num="278" count="10" type="stmt"/>
      <line num="279" count="10" type="stmt"/>
      <line num="281" count="11" type="stmt"/>
      <line num="282" count="11" type="stmt"/>
      <line num="284" count="13" type="stmt"/>
      <line num="285" count="13" type="stmt"/>
      <line num="287" count="3" type="stmt"/>
      <line num="288" count="3" type="stmt"/>
      <line num="290" count="37" type="stmt"/>
    </file>
    <file name="Automate.ts" path="/home/laroche5/nextcloud/Cours/BUT2/r402/src/calculatrice/modele/Automate.ts">
      <metrics statements="43" coveredstatements="43" conditionals="34" coveredconditionals="34" methods="9" coveredmethods="9"/>
      <line num="17" count="119" type="stmt"/>
      <line num="21" count="1026" type="stmt"/>
      <line num="25" count="119" type="stmt"/>
      <line num="30" count="232" type="stmt"/>
      <line num="31" count="232" type="cond" truecount="2" falsecount="0"/>
      <line num="32" count="39" type="stmt"/>
      <line num="34" count="193" type="cond" truecount="2" falsecount="0"/>
      <line num="35" count="15" type="stmt"/>
      <line num="37" count="178" type="cond" truecount="2" falsecount="0"/>
      <line num="38" count="160" type="stmt"/>
      <line num="40" count="18" type="stmt"/>
      <line num="45" count="39" type="stmt"/>
      <line num="46" count="39" type="cond" truecount="2" falsecount="0"/>
      <line num="47" count="4" type="stmt"/>
      <line num="49" count="35" type="cond" truecount="2" falsecount="0"/>
      <line num="50" count="31" type="stmt"/>
      <line num="52" count="4" type="stmt"/>
      <line num="57" count="19" type="stmt"/>
      <line num="58" count="19" type="cond" truecount="2" falsecount="0"/>
      <line num="59" count="13" type="stmt"/>
      <line num="61" count="6" type="stmt"/>
      <line num="66" count="154" type="stmt"/>
      <line num="67" count="154" type="cond" truecount="6" falsecount="0"/>
      <line num="68" count="63" type="stmt"/>
      <line num="70" count="91" type="cond" truecount="2" falsecount="0"/>
      <line num="71" count="10" type="stmt"/>
      <line num="73" count="81" type="cond" truecount="2" falsecount="0"/>
      <line num="74" count="50" type="stmt"/>
      <line num="76" count="31" type="cond" truecount="2" falsecount="0"/>
      <line num="77" count="27" type="stmt"/>
      <line num="79" count="4" type="stmt"/>
      <line num="84" count="125" type="stmt"/>
      <line num="85" count="125" type="cond" truecount="6" falsecount="0"/>
      <line num="86" count="21" type="stmt"/>
      <line num="88" count="104" type="cond" truecount="2" falsecount="0"/>
      <line num="89" count="69" type="stmt"/>
      <line num="91" count="35" type="cond" truecount="2" falsecount="0"/>
      <line num="92" count="30" type="stmt"/>
      <line num="94" count="5" type="stmt"/>
      <line num="98" count="427" type="stmt"/>
      <line num="99" count="427" type="stmt"/>
      <line num="100" count="427" type="stmt"/>
      <line num="104" count="427" type="stmt"/>
    </file>
    <file name="AutomateAvecEspaces.ts" path="/home/laroche5/nextcloud/Cours/BUT2/r402/src/calculatrice/modele/AutomateAvecEspaces.ts">
      <metrics statements="24" coveredstatements="24" conditionals="18" coveredconditionals="18" methods="5" coveredmethods="5"/>
      <line num="17" count="226" type="stmt"/>
      <line num="18" count="226" type="cond" truecount="2" falsecount="0"/>
      <line num="19" count="40" type="stmt"/>
      <line num="21" count="186" type="stmt"/>
      <line num="26" count="31" type="stmt"/>
      <line num="27" count="31" type="cond" truecount="2" falsecount="0"/>
      <line num="28" count="2" type="stmt"/>
      <line num="30" count="29" type="stmt"/>
      <line num="35" count="147" type="stmt"/>
      <line num="36" count="147" type="cond" truecount="2" falsecount="0"/>
      <line num="37" count="29" type="stmt"/>
      <line num="39" count="118" type="stmt"/>
      <line num="44" count="90" type="stmt"/>
      <line num="45" count="90" type="cond" truecount="2" falsecount="0"/>
      <line num="46" count="3" type="stmt"/>
      <line num="48" count="87" type="stmt"/>
      <line num="53" count="70" type="stmt"/>
      <line num="54" count="70" type="cond" truecount="6" falsecount="0"/>
      <line num="55" count="29" type="stmt"/>
      <line num="57" count="41" type="cond" truecount="2" falsecount="0"/>
      <line num="58" count="16" type="stmt"/>
      <line num="60" count="25" type="cond" truecount="2" falsecount="0"/>
      <line num="61" count="22" type="stmt"/>
      <line num="63" count="3" type="stmt"/>
    </file>
    <file name="AutomateComplet.ts" path="/home/laroche5/nextcloud/Cours/BUT2/r402/src/calculatrice/modele/AutomateComplet.ts">
      <metrics statements="39" coveredstatements="39" conditionals="28" coveredconditionals="28" methods="6" coveredmethods="6"/>
      <line num="17" count="60" type="stmt"/>
      <line num="18" count="60" type="stmt"/>
      <line num="22" count="198" type="stmt"/>
      <line num="23" count="198" type="cond" truecount="2" falsecount="0"/>
      <line num="24" count="30" type="stmt"/>
      <line num="25" count="30" type="stmt"/>
      <line num="27" count="168" type="stmt"/>
      <line num="32" count="22" type="stmt"/>
      <line num="33" count="22" type="cond" truecount="2" falsecount="0"/>
      <line num="34" count="4" type="stmt"/>
      <line num="35" count="4" type="stmt"/>
      <line num="37" count="18" type="stmt"/>
      <line num="42" count="120" type="stmt"/>
      <line num="43" count="120" type="cond" truecount="2" falsecount="0"/>
      <line num="44" count="17" type="stmt"/>
      <line num="45" count="17" type="cond" truecount="2" falsecount="0"/>
      <line num="46" count="1" type="stmt"/>
      <line num="48" count="16" type="stmt"/>
      <line num="50" count="103" type="cond" truecount="4" falsecount="0"/>
      <line num="51" count="1" type="stmt"/>
      <line num="53" count="102" type="stmt"/>
      <line num="58" count="53" type="stmt"/>
      <line num="59" count="53" type="cond" truecount="2" falsecount="0"/>
      <line num="60" count="3" type="stmt"/>
      <line num="61" count="3" type="cond" truecount="2" falsecount="0"/>
      <line num="62" count="1" type="stmt"/>
      <line num="64" count="2" type="stmt"/>
      <line num="66" count="50" type="cond" truecount="4" falsecount="0"/>
      <line num="67" count="1" type="stmt"/>
      <line num="69" count="49" type="stmt"/>
      <line num="74" count="69" type="stmt"/>
      <line num="75" count="69" type="cond" truecount="2" falsecount="0"/>
      <line num="76" count="9" type="stmt"/>
      <line num="77" count="9" type="cond" truecount="2" falsecount="0"/>
      <line num="78" count="1" type="stmt"/>
      <line num="80" count="8" type="stmt"/>
      <line num="82" count="60" type="cond" truecount="4" falsecount="0"/>
      <line num="83" count="1" type="stmt"/>
      <line num="85" count="59" type="stmt"/>
    </file>
    <file name="GenericPair.ts" path="/home/laroche5/nextcloud/Cours/BUT2/r402/src/calculatrice/modele/GenericPair.ts">
      <metrics statements="7" coveredstatements="5" conditionals="0" coveredconditionals="0" methods="6" coveredmethods="4"/>
      <line num="6" count="46" type="stmt"/>
      <line num="7" count="46" type="stmt"/>
      <line num="11" count="46" type="stmt"/>
      <line num="15" count="46" type="stmt"/>
      <line num="19" count="0" type="stmt"/>
      <line num="23" count="46" type="stmt"/>
      <line num="27" count="0" type="stmt"/>
    </file>
  </project>
</coverage>
