{"/home/laroche5/nextcloud/Cours/BUT2/r402/src/calculatrice/modele/Arbre.ts": {"path":"/home/laroche5/nextcloud/Cours/BUT2/r402/src/calculatrice/modele/Arbre.ts","statementMap":{"0":{"start":{"line":10,"column":4},"end":{"line":10,"column":27}},"1":{"start":{"line":11,"column":4},"end":{"line":11,"column":17}},"2":{"start":{"line":12,"column":4},"end":{"line":12,"column":17}},"3":{"start":{"line":16,"column":14},"end":{"line":16,"column":32}},"4":{"start":{"line":17,"column":4},"end":{"line":17,"column":41}},"5":{"start":{"line":17,"column":19},"end":{"line":17,"column":41}},"6":{"start":{"line":18,"column":4},"end":{"line":18,"column":41}},"7":{"start":{"line":18,"column":19},"end":{"line":18,"column":41}},"8":{"start":{"line":19,"column":4},"end":{"line":19,"column":13}},"9":{"start":{"line":23,"column":4},"end":{"line":23,"column":28}},"10":{"start":{"line":27,"column":4},"end":{"line":27,"column":18}},"11":{"start":{"line":31,"column":4},"end":{"line":31,"column":18}},"12":{"start":{"line":38,"column":4},"end":{"line":40,"column":5}},"13":{"start":{"line":39,"column":6},"end":{"line":39,"column":26}},"14":{"start":{"line":42,"column":4},"end":{"line":42,"column":37}},"15":{"start":{"line":44,"column":4},"end":{"line":46,"column":5}},"16":{"start":{"line":45,"column":6},"end":{"line":45,"column":26}},"17":{"start":{"line":57,"column":12},"end":{"line":57,"column":27}},"18":{"start":{"line":58,"column":4},"end":{"line":58,"column":22}},"19":{"start":{"line":65,"column":31},"end":{"line":65,"column":33}},"20":{"start":{"line":67,"column":4},"end":{"line":69,"column":5}},"21":{"start":{"line":68,"column":6},"end":{"line":68,"column":54}},"22":{"start":{"line":72,"column":4},"end":{"line":72,"column":51}},"23":{"start":{"line":76,"column":14},"end":{"line":76,"column":51}},"24":{"start":{"line":79,"column":12},"end":{"line":79,"column":13}},"25":{"start":{"line":80,"column":4},"end":{"line":83,"column":5}},"26":{"start":{"line":81,"column":6},"end":{"line":81,"column":53}},"27":{"start":{"line":82,"column":6},"end":{"line":82,"column":10}},"28":{"start":{"line":84,"column":4},"end":{"line":84,"column":37}},"29":{"start":{"line":93,"column":20},"end":{"line":93,"column":22}},"30":{"start":{"line":95,"column":14},"end":{"line":95,"column":16}},"31":{"start":{"line":96,"column":15},"end":{"line":96,"column":33}},"32":{"start":{"line":97,"column":15},"end":{"line":97,"column":33}},"33":{"start":{"line":99,"column":4},"end":{"line":112,"column":5}},"34":{"start":{"line":100,"column":6},"end":{"line":100,"column":33}},"35":{"start":{"line":101,"column":6},"end":{"line":105,"column":7}},"36":{"start":{"line":102,"column":8},"end":{"line":102,"column":24}},"37":{"start":{"line":104,"column":8},"end":{"line":104,"column":24}},"38":{"start":{"line":106,"column":11},"end":{"line":112,"column":5}},"39":{"start":{"line":107,"column":6},"end":{"line":107,"column":22}},"40":{"start":{"line":108,"column":6},"end":{"line":108,"column":17}},"41":{"start":{"line":110,"column":6},"end":{"line":110,"column":22}},"42":{"start":{"line":111,"column":6},"end":{"line":111,"column":17}},"43":{"start":{"line":114,"column":4},"end":{"line":120,"column":5}},"44":{"start":{"line":115,"column":6},"end":{"line":119,"column":8}},"45":{"start":{"line":123,"column":4},"end":{"line":123,"column":30}},"46":{"start":{"line":124,"column":4},"end":{"line":124,"column":30}},"47":{"start":{"line":125,"column":4},"end":{"line":138,"column":5}},"48":{"start":{"line":126,"column":6},"end":{"line":126,"column":33}},"49":{"start":{"line":127,"column":6},"end":{"line":131,"column":7}},"50":{"start":{"line":128,"column":8},"end":{"line":128,"column":24}},"51":{"start":{"line":130,"column":8},"end":{"line":130,"column":24}},"52":{"start":{"line":132,"column":11},"end":{"line":138,"column":5}},"53":{"start":{"line":133,"column":6},"end":{"line":133,"column":22}},"54":{"start":{"line":134,"column":6},"end":{"line":134,"column":17}},"55":{"start":{"line":136,"column":6},"end":{"line":136,"column":22}},"56":{"start":{"line":137,"column":6},"end":{"line":137,"column":17}},"57":{"start":{"line":140,"column":4},"end":{"line":146,"column":5}},"58":{"start":{"line":141,"column":6},"end":{"line":145,"column":8}},"59":{"start":{"line":148,"column":4},"end":{"line":148,"column":25}},"60":{"start":{"line":149,"column":4},"end":{"line":151,"column":5}},"61":{"start":{"line":150,"column":6},"end":{"line":150,"column":80}},"62":{"start":{"line":154,"column":20},"end":{"line":154,"column":21}},"63":{"start":{"line":155,"column":4},"end":{"line":158,"column":5}},"64":{"start":{"line":156,"column":32},"end":{"line":156,"column":69}},"65":{"start":{"line":157,"column":6},"end":{"line":157,"column":60}},"66":{"start":{"line":160,"column":4},"end":{"line":160,"column":30}},"67":{"start":{"line":165,"column":23},"end":{"line":165,"column":53}},"68":{"start":{"line":169,"column":4},"end":{"line":183,"column":24}},"69":{"start":{"line":170,"column":6},"end":{"line":170,"column":27}},"70":{"start":{"line":171,"column":6},"end":{"line":182,"column":7}},"71":{"start":{"line":173,"column":8},"end":{"line":181,"column":9}},"72":{"start":{"line":174,"column":10},"end":{"line":174,"column":35}},"73":{"start":{"line":176,"column":15},"end":{"line":181,"column":9}},"74":{"start":{"line":177,"column":10},"end":{"line":177,"column":63}},"75":{"start":{"line":180,"column":10},"end":{"line":180,"column":63}},"76":{"start":{"line":185,"column":4},"end":{"line":185,"column":31}},"77":{"start":{"line":186,"column":4},"end":{"line":186,"column":13}},"78":{"start":{"line":198,"column":14},"end":{"line":198,"column":33}},"79":{"start":{"line":199,"column":4},"end":{"line":233,"column":5}},"80":{"start":{"line":200,"column":6},"end":{"line":200,"column":20}},"81":{"start":{"line":204,"column":21},"end":{"line":204,"column":46}},"82":{"start":{"line":205,"column":26},"end":{"line":205,"column":27}},"83":{"start":{"line":206,"column":14},"end":{"line":206,"column":15}},"84":{"start":{"line":207,"column":6},"end":{"line":214,"column":7}},"85":{"start":{"line":208,"column":8},"end":{"line":212,"column":9}},"86":{"start":{"line":209,"column":10},"end":{"line":209,"column":26}},"87":{"start":{"line":210,"column":15},"end":{"line":212,"column":9}},"88":{"start":{"line":211,"column":10},"end":{"line":211,"column":26}},"89":{"start":{"line":213,"column":8},"end":{"line":213,"column":12}},"90":{"start":{"line":215,"column":24},"end":{"line":215,"column":52}},"91":{"start":{"line":216,"column":6},"end":{"line":216,"column":28}},"92":{"start":{"line":220,"column":6},"end":{"line":224,"column":7}},"93":{"start":{"line":221,"column":8},"end":{"line":221,"column":26}},"94":{"start":{"line":223,"column":8},"end":{"line":223,"column":48}},"95":{"start":{"line":226,"column":6},"end":{"line":230,"column":7}},"96":{"start":{"line":227,"column":8},"end":{"line":227,"column":26}},"97":{"start":{"line":229,"column":8},"end":{"line":229,"column":53}},"98":{"start":{"line":231,"column":6},"end":{"line":231,"column":68}},"99":{"start":{"line":232,"column":6},"end":{"line":232,"column":51}},"100":{"start":{"line":240,"column":19},"end":{"line":240,"column":21}},"101":{"start":{"line":241,"column":4},"end":{"line":244,"column":5}},"102":{"start":{"line":242,"column":6},"end":{"line":242,"column":22}},"103":{"start":{"line":243,"column":6},"end":{"line":243,"column":47}},"104":{"start":{"line":246,"column":4},"end":{"line":246,"column":30}},"105":{"start":{"line":248,"column":4},"end":{"line":251,"column":5}},"106":{"start":{"line":249,"column":6},"end":{"line":249,"column":23}},"107":{"start":{"line":250,"column":6},"end":{"line":250,"column":47}},"108":{"start":{"line":252,"column":4},"end":{"line":252,"column":20}},"109":{"start":{"line":257,"column":4},"end":{"line":259,"column":5}},"110":{"start":{"line":258,"column":6},"end":{"line":258,"column":46}},"111":{"start":{"line":261,"column":4},"end":{"line":267,"column":5}},"112":{"start":{"line":262,"column":19},"end":{"line":262,"column":37}},"113":{"start":{"line":263,"column":6},"end":{"line":265,"column":7}},"114":{"start":{"line":264,"column":8},"end":{"line":264,"column":23}},"115":{"start":{"line":266,"column":6},"end":{"line":266,"column":76}},"116":{"start":{"line":269,"column":16},"end":{"line":269,"column":86}},"117":{"start":{"line":271,"column":4},"end":{"line":271,"column":15}},"118":{"start":{"line":275,"column":14},"end":{"line":275,"column":15}},"119":{"start":{"line":276,"column":4},"end":{"line":289,"column":5}},"120":{"start":{"line":278,"column":8},"end":{"line":278,"column":22}},"121":{"start":{"line":279,"column":8},"end":{"line":279,"column":14}},"122":{"start":{"line":281,"column":8},"end":{"line":281,"column":22}},"123":{"start":{"line":282,"column":8},"end":{"line":282,"column":14}},"124":{"start":{"line":284,"column":8},"end":{"line":284,"column":22}},"125":{"start":{"line":285,"column":8},"end":{"line":285,"column":14}},"126":{"start":{"line":287,"column":8},"end":{"line":287,"column":22}},"127":{"start":{"line":288,"column":8},"end":{"line":288,"column":14}},"128":{"start":{"line":290,"column":4},"end":{"line":290,"column":15}}},"fnMap":{"0":{"name":"(anonymous_0)","decl":{"start":{"line":9,"column":2},"end":{"line":9,"column":3}},"loc":{"start":{"line":9,"column":88},"end":{"line":13,"column":3}},"line":9},"1":{"name":"(anonymous_1)","decl":{"start":{"line":15,"column":2},"end":{"line":15,"column":3}},"loc":{"start":{"line":15,"column":77},"end":{"line":20,"column":3}},"line":15},"2":{"name":"(anonymous_2)","decl":{"start":{"line":22,"column":2},"end":{"line":22,"column":3}},"loc":{"start":{"line":22,"column":38},"end":{"line":24,"column":3}},"line":22},"3":{"name":"(anonymous_3)","decl":{"start":{"line":26,"column":2},"end":{"line":26,"column":3}},"loc":{"start":{"line":26,"column":34},"end":{"line":28,"column":3}},"line":26},"4":{"name":"(anonymous_4)","decl":{"start":{"line":30,"column":2},"end":{"line":30,"column":3}},"loc":{"start":{"line":30,"column":34},"end":{"line":32,"column":3}},"line":30},"5":{"name":"(anonymous_5)","decl":{"start":{"line":37,"column":2},"end":{"line":37,"column":3}},"loc":{"start":{"line":37,"column":26},"end":{"line":47,"column":3}},"line":37},"6":{"name":"(anonymous_6)","decl":{"start":{"line":56,"column":2},"end":{"line":56,"column":3}},"loc":{"start":{"line":56,"column":74},"end":{"line":59,"column":3}},"line":56},"7":{"name":"(anonymous_7)","decl":{"start":{"line":64,"column":2},"end":{"line":64,"column":3}},"loc":{"start":{"line":64,"column":58},"end":{"line":85,"column":3}},"line":64},"8":{"name":"(anonymous_8)","decl":{"start":{"line":92,"column":2},"end":{"line":92,"column":3}},"loc":{"start":{"line":92,"column":67},"end":{"line":161,"column":3}},"line":92},"9":{"name":"(anonymous_9)","decl":{"start":{"line":164,"column":2},"end":{"line":164,"column":3}},"loc":{"start":{"line":164,"column":60},"end":{"line":187,"column":3}},"line":164},"10":{"name":"(anonymous_10)","decl":{"start":{"line":197,"column":2},"end":{"line":197,"column":3}},"loc":{"start":{"line":197,"column":80},"end":{"line":234,"column":3}},"line":197},"11":{"name":"(anonymous_11)","decl":{"start":{"line":239,"column":2},"end":{"line":239,"column":3}},"loc":{"start":{"line":239,"column":37},"end":{"line":253,"column":3}},"line":239},"12":{"name":"(anonymous_12)","decl":{"start":{"line":255,"column":2},"end":{"line":255,"column":3}},"loc":{"start":{"line":255,"column":26},"end":{"line":272,"column":3}},"line":255},"13":{"name":"(anonymous_13)","decl":{"start":{"line":274,"column":2},"end":{"line":274,"column":3}},"loc":{"start":{"line":274,"column":79},"end":{"line":291,"column":3}},"line":274}},"branchMap":{"0":{"loc":{"start":{"line":9,"column":38},"end":{"line":9,"column":61}},"type":"default-arg","locations":[{"start":{"line":9,"column":57},"end":{"line":9,"column":61}}],"line":9},"1":{"loc":{"start":{"line":9,"column":63},"end":{"line":9,"column":86}},"type":"default-arg","locations":[{"start":{"line":9,"column":82},"end":{"line":9,"column":86}}],"line":9},"2":{"loc":{"start":{"line":17,"column":4},"end":{"line":17,"column":41}},"type":"if","locations":[{"start":{"line":17,"column":4},"end":{"line":17,"column":41}},{"start":{},"end":{}}],"line":17},"3":{"loc":{"start":{"line":18,"column":4},"end":{"line":18,"column":41}},"type":"if","locations":[{"start":{"line":18,"column":4},"end":{"line":18,"column":41}},{"start":{},"end":{}}],"line":18},"4":{"loc":{"start":{"line":38,"column":4},"end":{"line":40,"column":5}},"type":"if","locations":[{"start":{"line":38,"column":4},"end":{"line":40,"column":5}},{"start":{},"end":{}}],"line":38},"5":{"loc":{"start":{"line":44,"column":4},"end":{"line":46,"column":5}},"type":"if","locations":[{"start":{"line":44,"column":4},"end":{"line":46,"column":5}},{"start":{},"end":{}}],"line":44},"6":{"loc":{"start":{"line":67,"column":4},"end":{"line":69,"column":5}},"type":"if","locations":[{"start":{"line":67,"column":4},"end":{"line":69,"column":5}},{"start":{},"end":{}}],"line":67},"7":{"loc":{"start":{"line":99,"column":4},"end":{"line":112,"column":5}},"type":"if","locations":[{"start":{"line":99,"column":4},"end":{"line":112,"column":5}},{"start":{"line":106,"column":11},"end":{"line":112,"column":5}}],"line":99},"8":{"loc":{"start":{"line":99,"column":8},"end":{"line":99,"column":34}},"type":"binary-expr","locations":[{"start":{"line":99,"column":8},"end":{"line":99,"column":19}},{"start":{"line":99,"column":23},"end":{"line":99,"column":34}}],"line":99},"9":{"loc":{"start":{"line":101,"column":6},"end":{"line":105,"column":7}},"type":"if","locations":[{"start":{"line":101,"column":6},"end":{"line":105,"column":7}},{"start":{"line":103,"column":13},"end":{"line":105,"column":7}}],"line":101},"10":{"loc":{"start":{"line":106,"column":11},"end":{"line":112,"column":5}},"type":"if","locations":[{"start":{"line":106,"column":11},"end":{"line":112,"column":5}},{"start":{"line":109,"column":11},"end":{"line":112,"column":5}}],"line":106},"11":{"loc":{"start":{"line":114,"column":4},"end":{"line":120,"column":5}},"type":"if","locations":[{"start":{"line":114,"column":4},"end":{"line":120,"column":5}},{"start":{},"end":{}}],"line":114},"12":{"loc":{"start":{"line":125,"column":4},"end":{"line":138,"column":5}},"type":"if","locations":[{"start":{"line":125,"column":4},"end":{"line":138,"column":5}},{"start":{"line":132,"column":11},"end":{"line":138,"column":5}}],"line":125},"13":{"loc":{"start":{"line":125,"column":8},"end":{"line":125,"column":34}},"type":"binary-expr","locations":[{"start":{"line":125,"column":8},"end":{"line":125,"column":19}},{"start":{"line":125,"column":23},"end":{"line":125,"column":34}}],"line":125},"14":{"loc":{"start":{"line":127,"column":6},"end":{"line":131,"column":7}},"type":"if","locations":[{"start":{"line":127,"column":6},"end":{"line":131,"column":7}},{"start":{"line":129,"column":13},"end":{"line":131,"column":7}}],"line":127},"15":{"loc":{"start":{"line":132,"column":11},"end":{"line":138,"column":5}},"type":"if","locations":[{"start":{"line":132,"column":11},"end":{"line":138,"column":5}},{"start":{"line":135,"column":11},"end":{"line":138,"column":5}}],"line":132},"16":{"loc":{"start":{"line":140,"column":4},"end":{"line":146,"column":5}},"type":"if","locations":[{"start":{"line":140,"column":4},"end":{"line":146,"column":5}},{"start":{},"end":{}}],"line":140},"17":{"loc":{"start":{"line":149,"column":4},"end":{"line":151,"column":5}},"type":"if","locations":[{"start":{"line":149,"column":4},"end":{"line":151,"column":5}},{"start":{},"end":{}}],"line":149},"18":{"loc":{"start":{"line":155,"column":4},"end":{"line":158,"column":5}},"type":"if","locations":[{"start":{"line":155,"column":4},"end":{"line":158,"column":5}},{"start":{},"end":{}}],"line":155},"19":{"loc":{"start":{"line":171,"column":6},"end":{"line":182,"column":7}},"type":"if","locations":[{"start":{"line":171,"column":6},"end":{"line":182,"column":7}},{"start":{},"end":{}}],"line":171},"20":{"loc":{"start":{"line":173,"column":8},"end":{"line":181,"column":9}},"type":"if","locations":[{"start":{"line":173,"column":8},"end":{"line":181,"column":9}},{"start":{"line":176,"column":15},"end":{"line":181,"column":9}}],"line":173},"21":{"loc":{"start":{"line":176,"column":15},"end":{"line":181,"column":9}},"type":"if","locations":[{"start":{"line":176,"column":15},"end":{"line":181,"column":9}},{"start":{"line":179,"column":15},"end":{"line":181,"column":9}}],"line":176},"22":{"loc":{"start":{"line":199,"column":4},"end":{"line":233,"column":5}},"type":"if","locations":[{"start":{"line":199,"column":4},"end":{"line":233,"column":5}},{"start":{"line":201,"column":11},"end":{"line":233,"column":5}}],"line":199},"23":{"loc":{"start":{"line":207,"column":13},"end":{"line":207,"column":53}},"type":"binary-expr","locations":[{"start":{"line":207,"column":13},"end":{"line":207,"column":32}},{"start":{"line":207,"column":36},"end":{"line":207,"column":53}}],"line":207},"24":{"loc":{"start":{"line":208,"column":8},"end":{"line":212,"column":9}},"type":"if","locations":[{"start":{"line":208,"column":8},"end":{"line":212,"column":9}},{"start":{"line":210,"column":15},"end":{"line":212,"column":9}}],"line":208},"25":{"loc":{"start":{"line":210,"column":15},"end":{"line":212,"column":9}},"type":"if","locations":[{"start":{"line":210,"column":15},"end":{"line":212,"column":9}},{"start":{},"end":{}}],"line":210},"26":{"loc":{"start":{"line":220,"column":6},"end":{"line":224,"column":7}},"type":"if","locations":[{"start":{"line":220,"column":6},"end":{"line":224,"column":7}},{"start":{"line":222,"column":13},"end":{"line":224,"column":7}}],"line":220},"27":{"loc":{"start":{"line":226,"column":6},"end":{"line":230,"column":7}},"type":"if","locations":[{"start":{"line":226,"column":6},"end":{"line":230,"column":7}},{"start":{"line":228,"column":13},"end":{"line":230,"column":7}}],"line":226},"28":{"loc":{"start":{"line":241,"column":4},"end":{"line":244,"column":5}},"type":"if","locations":[{"start":{"line":241,"column":4},"end":{"line":244,"column":5}},{"start":{},"end":{}}],"line":241},"29":{"loc":{"start":{"line":248,"column":4},"end":{"line":251,"column":5}},"type":"if","locations":[{"start":{"line":248,"column":4},"end":{"line":251,"column":5}},{"start":{},"end":{}}],"line":248},"30":{"loc":{"start":{"line":257,"column":4},"end":{"line":259,"column":5}},"type":"if","locations":[{"start":{"line":257,"column":4},"end":{"line":259,"column":5}},{"start":{},"end":{}}],"line":257},"31":{"loc":{"start":{"line":257,"column":8},"end":{"line":257,"column":44}},"type":"binary-expr","locations":[{"start":{"line":257,"column":8},"end":{"line":257,"column":24}},{"start":{"line":257,"column":28},"end":{"line":257,"column":44}}],"line":257},"32":{"loc":{"start":{"line":261,"column":4},"end":{"line":267,"column":5}},"type":"if","locations":[{"start":{"line":261,"column":4},"end":{"line":267,"column":5}},{"start":{},"end":{}}],"line":261},"33":{"loc":{"start":{"line":263,"column":6},"end":{"line":265,"column":7}},"type":"if","locations":[{"start":{"line":263,"column":6},"end":{"line":265,"column":7}},{"start":{},"end":{}}],"line":263},"34":{"loc":{"start":{"line":276,"column":4},"end":{"line":289,"column":5}},"type":"switch","locations":[{"start":{"line":277,"column":6},"end":{"line":279,"column":14}},{"start":{"line":280,"column":6},"end":{"line":282,"column":14}},{"start":{"line":283,"column":6},"end":{"line":285,"column":14}},{"start":{"line":286,"column":6},"end":{"line":288,"column":14}}],"line":276}},"s":{"0":104,"1":104,"2":104,"3":0,"4":0,"5":0,"6":0,"7":0,"8":0,"9":104,"10":104,"11":104,"12":0,"13":0,"14":0,"15":0,"16":0,"17":0,"18":0,"19":18,"20":18,"21":18,"22":18,"23":18,"24":18,"25":18,"26":5,"27":5,"28":18,"29":109,"30":109,"31":109,"32":109,"33":109,"34":1,"35":1,"36":1,"37":0,"38":108,"39":105,"40":105,"41":3,"42":3,"43":109,"44":16,"45":93,"46":93,"47":93,"48":6,"49":6,"50":3,"51":3,"52":87,"53":79,"54":79,"55":8,"56":8,"57":93,"58":21,"59":72,"60":72,"61":12,"62":60,"63":60,"64":5,"65":5,"66":55,"67":18,"68":18,"69":33,"70":33,"71":15,"72":5,"73":10,"74":7,"75":3,"76":18,"77":18,"78":28,"79":28,"80":23,"81":5,"82":5,"83":5,"84":5,"85":32,"86":2,"87":30,"88":7,"89":32,"90":5,"91":5,"92":5,"93":0,"94":5,"95":5,"96":3,"97":2,"98":5,"99":5,"100":0,"101":0,"102":0,"103":0,"104":0,"105":0,"106":0,"107":0,"108":0,"109":104,"110":55,"111":49,"112":12,"113":12,"114":12,"115":0,"116":37,"117":37,"118":37,"119":37,"120":10,"121":10,"122":11,"123":11,"124":13,"125":13,"126":3,"127":3,"128":37},"f":{"0":104,"1":0,"2":104,"3":104,"4":104,"5":0,"6":0,"7":18,"8":109,"9":18,"10":28,"11":0,"12":104,"13":37},"b":{"0":[55],"1":[55],"2":[0,0],"3":[0,0],"4":[0,0],"5":[0,0],"6":[18,0],"7":[1,108],"8":[109,13],"9":[1,0],"10":[105,3],"11":[16,93],"12":[6,87],"13":[93,13],"14":[3,3],"15":[79,8],"16":[21,72],"17":[12,60],"18":[5,55],"19":[15,18],"20":[5,10],"21":[7,3],"22":[23,5],"23":[37,34],"24":[2,30],"25":[7,23],"26":[0,5],"27":[3,2],"28":[0,0],"29":[0,0],"30":[55,49],"31":[104,67],"32":[12,37],"33":[12,0],"34":[10,11,13,3]},"_coverageSchema":"1a1c01bbd47fc00a2c39e90264f33305004495a9","hash":"be44a2e7a0da2fd2fa500c7b257b6f948d671b5b"}
,"/home/laroche5/nextcloud/Cours/BUT2/r402/src/calculatrice/modele/Automate.ts": {"path":"/home/laroche5/nextcloud/Cours/BUT2/r402/src/calculatrice/modele/Automate.ts","statementMap":{"0":{"start":{"line":17,"column":4},"end":{"line":17,"column":26}},"1":{"start":{"line":21,"column":4},"end":{"line":21,"column":24}},"2":{"start":{"line":25,"column":4},"end":{"line":25,"column":28}},"3":{"start":{"line":30,"column":16},"end":{"line":30,"column":40}},"4":{"start":{"line":31,"column":4},"end":{"line":33,"column":5}},"5":{"start":{"line":32,"column":6},"end":{"line":32,"column":36}},"6":{"start":{"line":34,"column":4},"end":{"line":36,"column":5}},"7":{"start":{"line":35,"column":6},"end":{"line":35,"column":36}},"8":{"start":{"line":37,"column":4},"end":{"line":39,"column":5}},"9":{"start":{"line":38,"column":6},"end":{"line":38,"column":36}},"10":{"start":{"line":40,"column":4},"end":{"line":40,"column":81}},"11":{"start":{"line":45,"column":16},"end":{"line":45,"column":40}},"12":{"start":{"line":46,"column":4},"end":{"line":48,"column":5}},"13":{"start":{"line":47,"column":6},"end":{"line":47,"column":36}},"14":{"start":{"line":49,"column":4},"end":{"line":51,"column":5}},"15":{"start":{"line":50,"column":6},"end":{"line":50,"column":36}},"16":{"start":{"line":52,"column":4},"end":{"line":52,"column":69}},"17":{"start":{"line":57,"column":16},"end":{"line":57,"column":40}},"18":{"start":{"line":58,"column":4},"end":{"line":60,"column":5}},"19":{"start":{"line":59,"column":6},"end":{"line":59,"column":36}},"20":{"start":{"line":61,"column":4},"end":{"line":61,"column":55}},"21":{"start":{"line":66,"column":16},"end":{"line":66,"column":40}},"22":{"start":{"line":67,"column":4},"end":{"line":69,"column":5}},"23":{"start":{"line":68,"column":6},"end":{"line":68,"column":36}},"24":{"start":{"line":70,"column":4},"end":{"line":72,"column":5}},"25":{"start":{"line":71,"column":6},"end":{"line":71,"column":36}},"26":{"start":{"line":73,"column":4},"end":{"line":75,"column":5}},"27":{"start":{"line":74,"column":6},"end":{"line":74,"column":36}},"28":{"start":{"line":76,"column":4},"end":{"line":78,"column":5}},"29":{"start":{"line":77,"column":6},"end":{"line":77,"column":18}},"30":{"start":{"line":79,"column":4},"end":{"line":79,"column":83}},"31":{"start":{"line":84,"column":16},"end":{"line":84,"column":40}},"32":{"start":{"line":85,"column":4},"end":{"line":87,"column":5}},"33":{"start":{"line":86,"column":6},"end":{"line":86,"column":36}},"34":{"start":{"line":88,"column":4},"end":{"line":90,"column":5}},"35":{"start":{"line":89,"column":6},"end":{"line":89,"column":36}},"36":{"start":{"line":91,"column":4},"end":{"line":93,"column":5}},"37":{"start":{"line":92,"column":6},"end":{"line":92,"column":18}},"38":{"start":{"line":94,"column":4},"end":{"line":94,"column":69}},"39":{"start":{"line":98,"column":13},"end":{"line":98,"column":18}},"40":{"start":{"line":99,"column":4},"end":{"line":103,"column":5}},"41":{"start":{"line":100,"column":6},"end":{"line":100,"column":46}},"42":{"start":{"line":104,"column":4},"end":{"line":104,"column":14}}},"fnMap":{"0":{"name":"(anonymous_0)","decl":{"start":{"line":16,"column":2},"end":{"line":16,"column":3}},"loc":{"start":{"line":16,"column":37},"end":{"line":18,"column":3}},"line":16},"1":{"name":"(anonymous_1)","decl":{"start":{"line":20,"column":2},"end":{"line":20,"column":3}},"loc":{"start":{"line":20,"column":30},"end":{"line":22,"column":3}},"line":20},"2":{"name":"(anonymous_2)","decl":{"start":{"line":24,"column":2},"end":{"line":24,"column":3}},"loc":{"start":{"line":24,"column":57},"end":{"line":26,"column":3}},"line":24},"3":{"name":"(anonymous_3)","decl":{"start":{"line":29,"column":2},"end":{"line":29,"column":3}},"loc":{"start":{"line":29,"column":73},"end":{"line":41,"column":3}},"line":29},"4":{"name":"(anonymous_4)","decl":{"start":{"line":44,"column":2},"end":{"line":44,"column":3}},"loc":{"start":{"line":44,"column":73},"end":{"line":53,"column":3}},"line":44},"5":{"name":"(anonymous_5)","decl":{"start":{"line":56,"column":2},"end":{"line":56,"column":3}},"loc":{"start":{"line":56,"column":73},"end":{"line":62,"column":3}},"line":56},"6":{"name":"(anonymous_6)","decl":{"start":{"line":65,"column":2},"end":{"line":65,"column":3}},"loc":{"start":{"line":65,"column":73},"end":{"line":80,"column":3}},"line":65},"7":{"name":"(anonymous_7)","decl":{"start":{"line":83,"column":2},"end":{"line":83,"column":3}},"loc":{"start":{"line":83,"column":73},"end":{"line":95,"column":3}},"line":83},"8":{"name":"(anonymous_8)","decl":{"start":{"line":97,"column":2},"end":{"line":97,"column":3}},"loc":{"start":{"line":97,"column":54},"end":{"line":105,"column":3}},"line":97}},"branchMap":{"0":{"loc":{"start":{"line":31,"column":4},"end":{"line":33,"column":5}},"type":"if","locations":[{"start":{"line":31,"column":4},"end":{"line":33,"column":5}},{"start":{},"end":{}}],"line":31},"1":{"loc":{"start":{"line":34,"column":4},"end":{"line":36,"column":5}},"type":"if","locations":[{"start":{"line":34,"column":4},"end":{"line":36,"column":5}},{"start":{},"end":{}}],"line":34},"2":{"loc":{"start":{"line":37,"column":4},"end":{"line":39,"column":5}},"type":"if","locations":[{"start":{"line":37,"column":4},"end":{"line":39,"column":5}},{"start":{},"end":{}}],"line":37},"3":{"loc":{"start":{"line":46,"column":4},"end":{"line":48,"column":5}},"type":"if","locations":[{"start":{"line":46,"column":4},"end":{"line":48,"column":5}},{"start":{},"end":{}}],"line":46},"4":{"loc":{"start":{"line":49,"column":4},"end":{"line":51,"column":5}},"type":"if","locations":[{"start":{"line":49,"column":4},"end":{"line":51,"column":5}},{"start":{},"end":{}}],"line":49},"5":{"loc":{"start":{"line":58,"column":4},"end":{"line":60,"column":5}},"type":"if","locations":[{"start":{"line":58,"column":4},"end":{"line":60,"column":5}},{"start":{},"end":{}}],"line":58},"6":{"loc":{"start":{"line":67,"column":4},"end":{"line":69,"column":5}},"type":"if","locations":[{"start":{"line":67,"column":4},"end":{"line":69,"column":5}},{"start":{},"end":{}}],"line":67},"7":{"loc":{"start":{"line":67,"column":8},"end":{"line":67,"column":62}},"type":"binary-expr","locations":[{"start":{"line":67,"column":8},"end":{"line":67,"column":19}},{"start":{"line":67,"column":23},"end":{"line":67,"column":33}},{"start":{"line":67,"column":37},"end":{"line":67,"column":48}},{"start":{"line":67,"column":52},"end":{"line":67,"column":62}}],"line":67},"8":{"loc":{"start":{"line":70,"column":4},"end":{"line":72,"column":5}},"type":"if","locations":[{"start":{"line":70,"column":4},"end":{"line":72,"column":5}},{"start":{},"end":{}}],"line":70},"9":{"loc":{"start":{"line":73,"column":4},"end":{"line":75,"column":5}},"type":"if","locations":[{"start":{"line":73,"column":4},"end":{"line":75,"column":5}},{"start":{},"end":{}}],"line":73},"10":{"loc":{"start":{"line":76,"column":4},"end":{"line":78,"column":5}},"type":"if","locations":[{"start":{"line":76,"column":4},"end":{"line":78,"column":5}},{"start":{},"end":{}}],"line":76},"11":{"loc":{"start":{"line":85,"column":4},"end":{"line":87,"column":5}},"type":"if","locations":[{"start":{"line":85,"column":4},"end":{"line":87,"column":5}},{"start":{},"end":{}}],"line":85},"12":{"loc":{"start":{"line":85,"column":8},"end":{"line":85,"column":63}},"type":"binary-expr","locations":[{"start":{"line":85,"column":8},"end":{"line":85,"column":19}},{"start":{"line":85,"column":23},"end":{"line":85,"column":34}},{"start":{"line":85,"column":38},"end":{"line":85,"column":49}},{"start":{"line":85,"column":53},"end":{"line":85,"column":63}}],"line":85},"13":{"loc":{"start":{"line":88,"column":4},"end":{"line":90,"column":5}},"type":"if","locations":[{"start":{"line":88,"column":4},"end":{"line":90,"column":5}},{"start":{},"end":{}}],"line":88},"14":{"loc":{"start":{"line":91,"column":4},"end":{"line":93,"column":5}},"type":"if","locations":[{"start":{"line":91,"column":4},"end":{"line":93,"column":5}},{"start":{},"end":{}}],"line":91}},"s":{"0":119,"1":1026,"2":119,"3":232,"4":232,"5":39,"6":193,"7":15,"8":178,"9":160,"10":18,"11":39,"12":39,"13":4,"14":35,"15":31,"16":4,"17":19,"18":19,"19":13,"20":6,"21":154,"22":154,"23":63,"24":91,"25":10,"26":81,"27":50,"28":31,"29":27,"30":4,"31":125,"32":125,"33":21,"34":104,"35":69,"36":35,"37":30,"38":5,"39":427,"40":427,"41":427,"42":427},"f":{"0":119,"1":1026,"2":119,"3":232,"4":39,"5":19,"6":154,"7":125,"8":427},"b":{"0":[39,193],"1":[15,178],"2":[160,18],"3":[4,35],"4":[31,4],"5":[13,6],"6":[63,91],"7":[154,146,121,95],"8":[10,81],"9":[50,31],"10":[27,4],"11":[21,104],"12":[125,122,107,107],"13":[69,35],"14":[30,5]},"_coverageSchema":"1a1c01bbd47fc00a2c39e90264f33305004495a9","hash":"a72f9250689f7806286a826906459346408879da"}
,"/home/laroche5/nextcloud/Cours/BUT2/r402/src/calculatrice/modele/AutomateAvecEspaces.ts": {"path":"/home/laroche5/nextcloud/Cours/BUT2/r402/src/calculatrice/modele/AutomateAvecEspaces.ts","statementMap":{"0":{"start":{"line":17,"column":16},"end":{"line":17,"column":39}},"1":{"start":{"line":18,"column":4},"end":{"line":20,"column":5}},"2":{"start":{"line":19,"column":6},"end":{"line":19,"column":36}},"3":{"start":{"line":21,"column":4},"end":{"line":21,"column":31}},"4":{"start":{"line":26,"column":16},"end":{"line":26,"column":39}},"5":{"start":{"line":27,"column":4},"end":{"line":29,"column":5}},"6":{"start":{"line":28,"column":6},"end":{"line":28,"column":36}},"7":{"start":{"line":30,"column":4},"end":{"line":30,"column":31}},"8":{"start":{"line":35,"column":16},"end":{"line":35,"column":39}},"9":{"start":{"line":36,"column":4},"end":{"line":38,"column":5}},"10":{"start":{"line":37,"column":6},"end":{"line":37,"column":36}},"11":{"start":{"line":39,"column":4},"end":{"line":39,"column":31}},"12":{"start":{"line":44,"column":16},"end":{"line":44,"column":39}},"13":{"start":{"line":45,"column":4},"end":{"line":47,"column":5}},"14":{"start":{"line":46,"column":6},"end":{"line":46,"column":36}},"15":{"start":{"line":48,"column":4},"end":{"line":48,"column":31}},"16":{"start":{"line":53,"column":16},"end":{"line":53,"column":39}},"17":{"start":{"line":54,"column":4},"end":{"line":56,"column":5}},"18":{"start":{"line":55,"column":6},"end":{"line":55,"column":36}},"19":{"start":{"line":57,"column":4},"end":{"line":59,"column":5}},"20":{"start":{"line":58,"column":6},"end":{"line":58,"column":18}},"21":{"start":{"line":60,"column":4},"end":{"line":62,"column":5}},"22":{"start":{"line":61,"column":6},"end":{"line":61,"column":36}},"23":{"start":{"line":63,"column":4},"end":{"line":63,"column":69}}},"fnMap":{"0":{"name":"(anonymous_0)","decl":{"start":{"line":16,"column":2},"end":{"line":16,"column":3}},"loc":{"start":{"line":16,"column":70},"end":{"line":22,"column":3}},"line":16},"1":{"name":"(anonymous_1)","decl":{"start":{"line":25,"column":2},"end":{"line":25,"column":3}},"loc":{"start":{"line":25,"column":70},"end":{"line":31,"column":3}},"line":25},"2":{"name":"(anonymous_2)","decl":{"start":{"line":34,"column":2},"end":{"line":34,"column":3}},"loc":{"start":{"line":34,"column":73},"end":{"line":40,"column":3}},"line":34},"3":{"name":"(anonymous_3)","decl":{"start":{"line":43,"column":2},"end":{"line":43,"column":3}},"loc":{"start":{"line":43,"column":73},"end":{"line":49,"column":3}},"line":43},"4":{"name":"(anonymous_4)","decl":{"start":{"line":52,"column":2},"end":{"line":52,"column":3}},"loc":{"start":{"line":52,"column":73},"end":{"line":64,"column":3}},"line":52}},"branchMap":{"0":{"loc":{"start":{"line":18,"column":4},"end":{"line":20,"column":5}},"type":"if","locations":[{"start":{"line":18,"column":4},"end":{"line":20,"column":5}},{"start":{},"end":{}}],"line":18},"1":{"loc":{"start":{"line":27,"column":4},"end":{"line":29,"column":5}},"type":"if","locations":[{"start":{"line":27,"column":4},"end":{"line":29,"column":5}},{"start":{},"end":{}}],"line":27},"2":{"loc":{"start":{"line":36,"column":4},"end":{"line":38,"column":5}},"type":"if","locations":[{"start":{"line":36,"column":4},"end":{"line":38,"column":5}},{"start":{},"end":{}}],"line":36},"3":{"loc":{"start":{"line":45,"column":4},"end":{"line":47,"column":5}},"type":"if","locations":[{"start":{"line":45,"column":4},"end":{"line":47,"column":5}},{"start":{},"end":{}}],"line":45},"4":{"loc":{"start":{"line":54,"column":4},"end":{"line":56,"column":5}},"type":"if","locations":[{"start":{"line":54,"column":4},"end":{"line":56,"column":5}},{"start":{},"end":{}}],"line":54},"5":{"loc":{"start":{"line":54,"column":8},"end":{"line":54,"column":63}},"type":"binary-expr","locations":[{"start":{"line":54,"column":8},"end":{"line":54,"column":19}},{"start":{"line":54,"column":23},"end":{"line":54,"column":34}},{"start":{"line":54,"column":38},"end":{"line":54,"column":49}},{"start":{"line":54,"column":53},"end":{"line":54,"column":63}}],"line":54},"6":{"loc":{"start":{"line":57,"column":4},"end":{"line":59,"column":5}},"type":"if","locations":[{"start":{"line":57,"column":4},"end":{"line":59,"column":5}},{"start":{},"end":{}}],"line":57},"7":{"loc":{"start":{"line":60,"column":4},"end":{"line":62,"column":5}},"type":"if","locations":[{"start":{"line":60,"column":4},"end":{"line":62,"column":5}},{"start":{},"end":{}}],"line":60}},"s":{"0":226,"1":226,"2":40,"3":186,"4":31,"5":31,"6":2,"7":29,"8":147,"9":147,"10":29,"11":118,"12":90,"13":90,"14":3,"15":87,"16":70,"17":70,"18":29,"19":41,"20":16,"21":25,"22":22,"23":3},"f":{"0":226,"1":31,"2":147,"3":90,"4":70},"b":{"0":[40,186],"1":[2,29],"2":[29,118],"3":[3,87],"4":[29,41],"5":[70,57,56,44],"6":[16,25],"7":[22,3]},"_coverageSchema":"1a1c01bbd47fc00a2c39e90264f33305004495a9","hash":"495a644089da3e5202a634361c03e0f1f0f0c77e"}
,"/home/laroche5/nextcloud/Cours/BUT2/r402/src/calculatrice/modele/AutomateComplet.ts": {"path":"/home/laroche5/nextcloud/Cours/BUT2/r402/src/calculatrice/modele/AutomateComplet.ts","statementMap":{"0":{"start":{"line":17,"column":4},"end":{"line":17,"column":18}},"1":{"start":{"line":18,"column":4},"end":{"line":18,"column":28}},"2":{"start":{"line":22,"column":16},"end":{"line":22,"column":39}},"3":{"start":{"line":23,"column":4},"end":{"line":26,"column":5}},"4":{"start":{"line":24,"column":6},"end":{"line":24,"column":28}},"5":{"start":{"line":25,"column":6},"end":{"line":25,"column":36}},"6":{"start":{"line":27,"column":4},"end":{"line":27,"column":31}},"7":{"start":{"line":32,"column":16},"end":{"line":32,"column":39}},"8":{"start":{"line":33,"column":4},"end":{"line":36,"column":5}},"9":{"start":{"line":34,"column":6},"end":{"line":34,"column":28}},"10":{"start":{"line":35,"column":6},"end":{"line":35,"column":36}},"11":{"start":{"line":37,"column":4},"end":{"line":37,"column":31}},"12":{"start":{"line":42,"column":16},"end":{"line":42,"column":39}},"13":{"start":{"line":43,"column":4},"end":{"line":49,"column":5}},"14":{"start":{"line":44,"column":6},"end":{"line":44,"column":28}},"15":{"start":{"line":45,"column":6},"end":{"line":47,"column":7}},"16":{"start":{"line":46,"column":8},"end":{"line":46,"column":70}},"17":{"start":{"line":48,"column":6},"end":{"line":48,"column":36}},"18":{"start":{"line":50,"column":4},"end":{"line":52,"column":5}},"19":{"start":{"line":51,"column":6},"end":{"line":51,"column":95}},"20":{"start":{"line":53,"column":4},"end":{"line":53,"column":31}},"21":{"start":{"line":58,"column":16},"end":{"line":58,"column":39}},"22":{"start":{"line":59,"column":4},"end":{"line":65,"column":5}},"23":{"start":{"line":60,"column":6},"end":{"line":60,"column":28}},"24":{"start":{"line":61,"column":6},"end":{"line":63,"column":7}},"25":{"start":{"line":62,"column":8},"end":{"line":62,"column":70}},"26":{"start":{"line":64,"column":6},"end":{"line":64,"column":36}},"27":{"start":{"line":66,"column":4},"end":{"line":68,"column":5}},"28":{"start":{"line":67,"column":6},"end":{"line":67,"column":95}},"29":{"start":{"line":69,"column":4},"end":{"line":69,"column":31}},"30":{"start":{"line":74,"column":16},"end":{"line":74,"column":39}},"31":{"start":{"line":75,"column":4},"end":{"line":81,"column":5}},"32":{"start":{"line":76,"column":6},"end":{"line":76,"column":28}},"33":{"start":{"line":77,"column":6},"end":{"line":79,"column":7}},"34":{"start":{"line":78,"column":8},"end":{"line":78,"column":70}},"35":{"start":{"line":80,"column":6},"end":{"line":80,"column":36}},"36":{"start":{"line":82,"column":4},"end":{"line":84,"column":5}},"37":{"start":{"line":83,"column":6},"end":{"line":83,"column":95}},"38":{"start":{"line":85,"column":4},"end":{"line":85,"column":31}}},"fnMap":{"0":{"name":"(anonymous_0)","decl":{"start":{"line":16,"column":2},"end":{"line":16,"column":3}},"loc":{"start":{"line":16,"column":30},"end":{"line":19,"column":3}},"line":16},"1":{"name":"(anonymous_1)","decl":{"start":{"line":21,"column":2},"end":{"line":21,"column":3}},"loc":{"start":{"line":21,"column":70},"end":{"line":28,"column":3}},"line":21},"2":{"name":"(anonymous_2)","decl":{"start":{"line":31,"column":2},"end":{"line":31,"column":3}},"loc":{"start":{"line":31,"column":70},"end":{"line":38,"column":3}},"line":31},"3":{"name":"(anonymous_3)","decl":{"start":{"line":41,"column":2},"end":{"line":41,"column":3}},"loc":{"start":{"line":41,"column":73},"end":{"line":54,"column":3}},"line":41},"4":{"name":"(anonymous_4)","decl":{"start":{"line":57,"column":2},"end":{"line":57,"column":3}},"loc":{"start":{"line":57,"column":73},"end":{"line":70,"column":3}},"line":57},"5":{"name":"(anonymous_5)","decl":{"start":{"line":73,"column":2},"end":{"line":73,"column":3}},"loc":{"start":{"line":73,"column":73},"end":{"line":86,"column":3}},"line":73}},"branchMap":{"0":{"loc":{"start":{"line":23,"column":4},"end":{"line":26,"column":5}},"type":"if","locations":[{"start":{"line":23,"column":4},"end":{"line":26,"column":5}},{"start":{},"end":{}}],"line":23},"1":{"loc":{"start":{"line":33,"column":4},"end":{"line":36,"column":5}},"type":"if","locations":[{"start":{"line":33,"column":4},"end":{"line":36,"column":5}},{"start":{},"end":{}}],"line":33},"2":{"loc":{"start":{"line":43,"column":4},"end":{"line":49,"column":5}},"type":"if","locations":[{"start":{"line":43,"column":4},"end":{"line":49,"column":5}},{"start":{},"end":{}}],"line":43},"3":{"loc":{"start":{"line":45,"column":6},"end":{"line":47,"column":7}},"type":"if","locations":[{"start":{"line":45,"column":6},"end":{"line":47,"column":7}},{"start":{},"end":{}}],"line":45},"4":{"loc":{"start":{"line":50,"column":4},"end":{"line":52,"column":5}},"type":"if","locations":[{"start":{"line":50,"column":4},"end":{"line":52,"column":5}},{"start":{},"end":{}}],"line":50},"5":{"loc":{"start":{"line":50,"column":8},"end":{"line":50,"column":46}},"type":"binary-expr","locations":[{"start":{"line":50,"column":8},"end":{"line":50,"column":19}},{"start":{"line":50,"column":23},"end":{"line":50,"column":46}}],"line":50},"6":{"loc":{"start":{"line":59,"column":4},"end":{"line":65,"column":5}},"type":"if","locations":[{"start":{"line":59,"column":4},"end":{"line":65,"column":5}},{"start":{},"end":{}}],"line":59},"7":{"loc":{"start":{"line":61,"column":6},"end":{"line":63,"column":7}},"type":"if","locations":[{"start":{"line":61,"column":6},"end":{"line":63,"column":7}},{"start":{},"end":{}}],"line":61},"8":{"loc":{"start":{"line":66,"column":4},"end":{"line":68,"column":5}},"type":"if","locations":[{"start":{"line":66,"column":4},"end":{"line":68,"column":5}},{"start":{},"end":{}}],"line":66},"9":{"loc":{"start":{"line":66,"column":8},"end":{"line":66,"column":46}},"type":"binary-expr","locations":[{"start":{"line":66,"column":8},"end":{"line":66,"column":19}},{"start":{"line":66,"column":23},"end":{"line":66,"column":46}}],"line":66},"10":{"loc":{"start":{"line":75,"column":4},"end":{"line":81,"column":5}},"type":"if","locations":[{"start":{"line":75,"column":4},"end":{"line":81,"column":5}},{"start":{},"end":{}}],"line":75},"11":{"loc":{"start":{"line":77,"column":6},"end":{"line":79,"column":7}},"type":"if","locations":[{"start":{"line":77,"column":6},"end":{"line":79,"column":7}},{"start":{},"end":{}}],"line":77},"12":{"loc":{"start":{"line":82,"column":4},"end":{"line":84,"column":5}},"type":"if","locations":[{"start":{"line":82,"column":4},"end":{"line":84,"column":5}},{"start":{},"end":{}}],"line":82},"13":{"loc":{"start":{"line":82,"column":8},"end":{"line":82,"column":46}},"type":"binary-expr","locations":[{"start":{"line":82,"column":8},"end":{"line":82,"column":19}},{"start":{"line":82,"column":23},"end":{"line":82,"column":46}}],"line":82}},"s":{"0":60,"1":60,"2":198,"3":198,"4":30,"5":30,"6":168,"7":22,"8":22,"9":4,"10":4,"11":18,"12":120,"13":120,"14":17,"15":17,"16":1,"17":16,"18":103,"19":1,"20":102,"21":53,"22":53,"23":3,"24":3,"25":1,"26":2,"27":50,"28":1,"29":49,"30":69,"31":69,"32":9,"33":9,"34":1,"35":8,"36":60,"37":1,"38":59},"f":{"0":60,"1":198,"2":22,"3":120,"4":53,"5":69},"b":{"0":[30,168],"1":[4,18],"2":[17,103],"3":[1,16],"4":[1,102],"5":[103,11],"6":[3,50],"7":[1,2],"8":[1,49],"9":[50,11],"10":[9,60],"11":[1,8],"12":[1,59],"13":[60,16]},"_coverageSchema":"1a1c01bbd47fc00a2c39e90264f33305004495a9","hash":"bed957078d8d8a01c01a22cac76a293c09b97f72"}
,"/home/laroche5/nextcloud/Cours/BUT2/r402/src/calculatrice/modele/GenericPair.ts": {"path":"/home/laroche5/nextcloud/Cours/BUT2/r402/src/calculatrice/modele/GenericPair.ts","statementMap":{"0":{"start":{"line":6,"column":4},"end":{"line":6,"column":23}},"1":{"start":{"line":7,"column":4},"end":{"line":7,"column":25}},"2":{"start":{"line":11,"column":4},"end":{"line":11,"column":23}},"3":{"start":{"line":15,"column":4},"end":{"line":15,"column":24}},"4":{"start":{"line":19,"column":4},"end":{"line":19,"column":24}},"5":{"start":{"line":23,"column":4},"end":{"line":23,"column":26}},"6":{"start":{"line":27,"column":4},"end":{"line":27,"column":45}}},"fnMap":{"0":{"name":"(anonymous_0)","decl":{"start":{"line":5,"column":2},"end":{"line":5,"column":3}},"loc":{"start":{"line":5,"column":35},"end":{"line":8,"column":3}},"line":5},"1":{"name":"(anonymous_1)","decl":{"start":{"line":10,"column":2},"end":{"line":10,"column":3}},"loc":{"start":{"line":10,"column":24},"end":{"line":12,"column":3}},"line":10},"2":{"name":"(anonymous_2)","decl":{"start":{"line":14,"column":2},"end":{"line":14,"column":3}},"loc":{"start":{"line":14,"column":29},"end":{"line":16,"column":3}},"line":14},"3":{"name":"(anonymous_3)","decl":{"start":{"line":18,"column":2},"end":{"line":18,"column":3}},"loc":{"start":{"line":18,"column":25},"end":{"line":20,"column":3}},"line":18},"4":{"name":"(anonymous_4)","decl":{"start":{"line":22,"column":2},"end":{"line":22,"column":3}},"loc":{"start":{"line":22,"column":31},"end":{"line":24,"column":3}},"line":22},"5":{"name":"(anonymous_5)","decl":{"start":{"line":26,"column":2},"end":{"line":26,"column":3}},"loc":{"start":{"line":26,"column":28},"end":{"line":28,"column":3}},"line":26}},"branchMap":{},"s":{"0":46,"1":46,"2":46,"3":46,"4":0,"5":46,"6":0},"f":{"0":46,"1":46,"2":46,"3":0,"4":46,"5":0},"b":{},"_coverageSchema":"1a1c01bbd47fc00a2c39e90264f33305004495a9","hash":"0faf8a8b7e3aa3b14307df9d31604f75cd84e7c0"}
}
