TN:
SF:src/calculatrice/modele/Arbre.ts
FN:9,(anonymous_0)
FN:15,(anonymous_1)
FN:22,(anonymous_2)
FN:26,(anonymous_3)
FN:30,(anonymous_4)
FN:37,(anonymous_5)
FN:56,(anonymous_6)
FN:64,(anonymous_7)
FN:92,(anonymous_8)
FN:164,(anonymous_9)
FN:197,(anonymous_10)
FN:239,(anonymous_11)
FN:255,(anonymous_12)
FN:274,(anonymous_13)
FNF:14
FNH:10
FNDA:104,(anonymous_0)
FNDA:0,(anonymous_1)
FNDA:104,(anonymous_2)
FNDA:104,(anonymous_3)
FNDA:104,(anonymous_4)
FNDA:0,(anonymous_5)
FNDA:0,(anonymous_6)
FNDA:18,(anonymous_7)
FNDA:109,(anonymous_8)
FNDA:18,(anonymous_9)
FNDA:28,(anonymous_10)
FNDA:0,(anonymous_11)
FNDA:104,(anonymous_12)
FNDA:37,(anonymous_13)
DA:10,104
DA:11,104
DA:12,104
DA:16,0
DA:17,0
DA:18,0
DA:19,0
DA:23,104
DA:27,104
DA:31,104
DA:38,0
DA:39,0
DA:42,0
DA:44,0
DA:45,0
DA:57,0
DA:58,0
DA:65,18
DA:67,18
DA:68,18
DA:72,18
DA:76,18
DA:79,18
DA:80,18
DA:81,5
DA:82,5
DA:84,18
DA:93,109
DA:95,109
DA:96,109
DA:97,109
DA:99,109
DA:100,1
DA:101,1
DA:102,1
DA:104,0
DA:106,108
DA:107,105
DA:108,105
DA:110,3
DA:111,3
DA:114,109
DA:115,16
DA:123,93
DA:124,93
DA:125,93
DA:126,6
DA:127,6
DA:128,3
DA:130,3
DA:132,87
DA:133,79
DA:134,79
DA:136,8
DA:137,8
DA:140,93
DA:141,21
DA:148,72
DA:149,72
DA:150,12
DA:154,60
DA:155,60
DA:156,5
DA:157,5
DA:160,55
DA:165,18
DA:169,18
DA:170,33
DA:171,33
DA:173,15
DA:174,5
DA:176,10
DA:177,7
DA:180,3
DA:185,18
DA:186,18
DA:198,28
DA:199,28
DA:200,23
DA:204,5
DA:205,5
DA:206,5
DA:207,5
DA:208,32
DA:209,2
DA:210,30
DA:211,7
DA:213,32
DA:215,5
DA:216,5
DA:220,5
DA:221,0
DA:223,5
DA:226,5
DA:227,3
DA:229,2
DA:231,5
DA:232,5
DA:240,0
DA:241,0
DA:242,0
DA:243,0
DA:246,0
DA:248,0
DA:249,0
DA:250,0
DA:252,0
DA:257,104
DA:258,55
DA:261,49
DA:262,12
DA:263,12
DA:264,12
DA:266,0
DA:269,37
DA:271,37
DA:275,37
DA:276,37
DA:278,10
DA:279,10
DA:281,11
DA:282,11
DA:284,13
DA:285,13
DA:287,3
DA:288,3
DA:290,37
LF:127
LH:104
BRDA:9,0,0,55
BRDA:9,1,0,55
BRDA:17,2,0,0
BRDA:17,2,1,0
BRDA:18,3,0,0
BRDA:18,3,1,0
BRDA:38,4,0,0
BRDA:38,4,1,0
BRDA:44,5,0,0
BRDA:44,5,1,0
BRDA:67,6,0,18
BRDA:67,6,1,0
BRDA:99,7,0,1
BRDA:99,7,1,108
BRDA:99,8,0,109
BRDA:99,8,1,13
BRDA:101,9,0,1
BRDA:101,9,1,0
BRDA:106,10,0,105
BRDA:106,10,1,3
BRDA:114,11,0,16
BRDA:114,11,1,93
BRDA:125,12,0,6
BRDA:125,12,1,87
BRDA:125,13,0,93
BRDA:125,13,1,13
BRDA:127,14,0,3
BRDA:127,14,1,3
BRDA:132,15,0,79
BRDA:132,15,1,8
BRDA:140,16,0,21
BRDA:140,16,1,72
BRDA:149,17,0,12
BRDA:149,17,1,60
BRDA:155,18,0,5
BRDA:155,18,1,55
BRDA:171,19,0,15
BRDA:171,19,1,18
BRDA:173,20,0,5
BRDA:173,20,1,10
BRDA:176,21,0,7
BRDA:176,21,1,3
BRDA:199,22,0,23
BRDA:199,22,1,5
BRDA:207,23,0,37
BRDA:207,23,1,34
BRDA:208,24,0,2
BRDA:208,24,1,30
BRDA:210,25,0,7
BRDA:210,25,1,23
BRDA:220,26,0,0
BRDA:220,26,1,5
BRDA:226,27,0,3
BRDA:226,27,1,2
BRDA:241,28,0,0
BRDA:241,28,1,0
BRDA:248,29,0,0
BRDA:248,29,1,0
BRDA:257,30,0,55
BRDA:257,30,1,49
BRDA:257,31,0,104
BRDA:257,31,1,67
BRDA:261,32,0,12
BRDA:261,32,1,37
BRDA:263,33,0,12
BRDA:263,33,1,0
BRDA:276,34,0,10
BRDA:276,34,1,11
BRDA:276,34,2,13
BRDA:276,34,3,3
BRF:70
BRH:54
end_of_record
TN:
SF:src/calculatrice/modele/Automate.ts
FN:16,(anonymous_0)
FN:20,(anonymous_1)
FN:24,(anonymous_2)
FN:29,(anonymous_3)
FN:44,(anonymous_4)
FN:56,(anonymous_5)
FN:65,(anonymous_6)
FN:83,(anonymous_7)
FN:97,(anonymous_8)
FNF:9
FNH:9
FNDA:119,(anonymous_0)
FNDA:1026,(anonymous_1)
FNDA:119,(anonymous_2)
FNDA:232,(anonymous_3)
FNDA:39,(anonymous_4)
FNDA:19,(anonymous_5)
FNDA:154,(anonymous_6)
FNDA:125,(anonymous_7)
FNDA:427,(anonymous_8)
DA:17,119
DA:21,1026
DA:25,119
DA:30,232
DA:31,232
DA:32,39
DA:34,193
DA:35,15
DA:37,178
DA:38,160
DA:40,18
DA:45,39
DA:46,39
DA:47,4
DA:49,35
DA:50,31
DA:52,4
DA:57,19
DA:58,19
DA:59,13
DA:61,6
DA:66,154
DA:67,154
DA:68,63
DA:70,91
DA:71,10
DA:73,81
DA:74,50
DA:76,31
DA:77,27
DA:79,4
DA:84,125
DA:85,125
DA:86,21
DA:88,104
DA:89,69
DA:91,35
DA:92,30
DA:94,5
DA:98,427
DA:99,427
DA:100,427
DA:104,427
LF:43
LH:43
BRDA:31,0,0,39
BRDA:31,0,1,193
BRDA:34,1,0,15
BRDA:34,1,1,178
BRDA:37,2,0,160
BRDA:37,2,1,18
BRDA:46,3,0,4
BRDA:46,3,1,35
BRDA:49,4,0,31
BRDA:49,4,1,4
BRDA:58,5,0,13
BRDA:58,5,1,6
BRDA:67,6,0,63
BRDA:67,6,1,91
BRDA:67,7,0,154
BRDA:67,7,1,146
BRDA:67,7,2,121
BRDA:67,7,3,95
BRDA:70,8,0,10
BRDA:70,8,1,81
BRDA:73,9,0,50
BRDA:73,9,1,31
BRDA:76,10,0,27
BRDA:76,10,1,4
BRDA:85,11,0,21
BRDA:85,11,1,104
BRDA:85,12,0,125
BRDA:85,12,1,122
BRDA:85,12,2,107
BRDA:85,12,3,107
BRDA:88,13,0,69
BRDA:88,13,1,35
BRDA:91,14,0,30
BRDA:91,14,1,5
BRF:34
BRH:34
end_of_record
TN:
SF:src/calculatrice/modele/AutomateAvecEspaces.ts
FN:16,(anonymous_0)
FN:25,(anonymous_1)
FN:34,(anonymous_2)
FN:43,(anonymous_3)
FN:52,(anonymous_4)
FNF:5
FNH:5
FNDA:226,(anonymous_0)
FNDA:31,(anonymous_1)
FNDA:147,(anonymous_2)
FNDA:90,(anonymous_3)
FNDA:70,(anonymous_4)
DA:17,226
DA:18,226
DA:19,40
DA:21,186
DA:26,31
DA:27,31
DA:28,2
DA:30,29
DA:35,147
DA:36,147
DA:37,29
DA:39,118
DA:44,90
DA:45,90
DA:46,3
DA:48,87
DA:53,70
DA:54,70
DA:55,29
DA:57,41
DA:58,16
DA:60,25
DA:61,22
DA:63,3
LF:24
LH:24
BRDA:18,0,0,40
BRDA:18,0,1,186
BRDA:27,1,0,2
BRDA:27,1,1,29
BRDA:36,2,0,29
BRDA:36,2,1,118
BRDA:45,3,0,3
BRDA:45,3,1,87
BRDA:54,4,0,29
BRDA:54,4,1,41
BRDA:54,5,0,70
BRDA:54,5,1,57
BRDA:54,5,2,56
BRDA:54,5,3,44
BRDA:57,6,0,16
BRDA:57,6,1,25
BRDA:60,7,0,22
BRDA:60,7,1,3
BRF:18
BRH:18
end_of_record
TN:
SF:src/calculatrice/modele/AutomateComplet.ts
FN:16,(anonymous_0)
FN:21,(anonymous_1)
FN:31,(anonymous_2)
FN:41,(anonymous_3)
FN:57,(anonymous_4)
FN:73,(anonymous_5)
FNF:6
FNH:6
FNDA:60,(anonymous_0)
FNDA:198,(anonymous_1)
FNDA:22,(anonymous_2)
FNDA:120,(anonymous_3)
FNDA:53,(anonymous_4)
FNDA:69,(anonymous_5)
DA:17,60
DA:18,60
DA:22,198
DA:23,198
DA:24,30
DA:25,30
DA:27,168
DA:32,22
DA:33,22
DA:34,4
DA:35,4
DA:37,18
DA:42,120
DA:43,120
DA:44,17
DA:45,17
DA:46,1
DA:48,16
DA:50,103
DA:51,1
DA:53,102
DA:58,53
DA:59,53
DA:60,3
DA:61,3
DA:62,1
DA:64,2
DA:66,50
DA:67,1
DA:69,49
DA:74,69
DA:75,69
DA:76,9
DA:77,9
DA:78,1
DA:80,8
DA:82,60
DA:83,1
DA:85,59
LF:39
LH:39
BRDA:23,0,0,30
BRDA:23,0,1,168
BRDA:33,1,0,4
BRDA:33,1,1,18
BRDA:43,2,0,17
BRDA:43,2,1,103
BRDA:45,3,0,1
BRDA:45,3,1,16
BRDA:50,4,0,1
BRDA:50,4,1,102
BRDA:50,5,0,103
BRDA:50,5,1,11
BRDA:59,6,0,3
BRDA:59,6,1,50
BRDA:61,7,0,1
BRDA:61,7,1,2
BRDA:66,8,0,1
BRDA:66,8,1,49
BRDA:66,9,0,50
BRDA:66,9,1,11
BRDA:75,10,0,9
BRDA:75,10,1,60
BRDA:77,11,0,1
BRDA:77,11,1,8
BRDA:82,12,0,1
BRDA:82,12,1,59
BRDA:82,13,0,60
BRDA:82,13,1,16
BRF:28
BRH:28
end_of_record
TN:
SF:src/calculatrice/modele/GenericPair.ts
FN:5,(anonymous_0)
FN:10,(anonymous_1)
FN:14,(anonymous_2)
FN:18,(anonymous_3)
FN:22,(anonymous_4)
FN:26,(anonymous_5)
FNF:6
FNH:4
FNDA:46,(anonymous_0)
FNDA:46,(anonymous_1)
FNDA:46,(anonymous_2)
FNDA:0,(anonymous_3)
FNDA:46,(anonymous_4)
FNDA:0,(anonymous_5)
DA:6,46
DA:7,46
DA:11,46
DA:15,46
DA:19,0
DA:23,46
DA:27,0
LF:7
LH:5
BRF:0
BRH:0
end_of_record
